C51 COMPILER V9.60.7.0   BEEP                                                              12/06/2025 16:29:10 PAGE 1   


C51 COMPILER V9.60.7.0, COMPILATION OF MODULE BEEP
OBJECT MODULE PLACED IN .\Objects\beep.obj
COMPILER INVOKED BY: C:\Keil_v5\C51\BIN\C51.EXE beep.c OPTIMIZE(8,SPEED) BROWSE DEBUG OBJECTEXTEND PRINT(.\Listings\beep
                    -.lst) OBJECT(.\Objects\beep.obj)

line level    source

   1          #include "beep.h"
   2          
   3          void Beep_Config(void) {
   4   1              //p4.6
   5   1              P4M1 &= ~(1<<6);
   6   1              P4M0 |=  (1<<6);
   7   1          BEEP(0);
   8   1      }


MODULE INFORMATION:   STATIC OVERLAYABLE
   CODE SIZE        =      9    ----
   CONSTANT SIZE    =   ----    ----
   XDATA SIZE       =   ----    ----
   PDATA SIZE       =   ----    ----
   DATA SIZE        =   ----    ----
   IDATA SIZE       =   ----    ----
   BIT SIZE         =   ----    ----
END OF MODULE INFORMATION.


C51 COMPILATION COMPLETE.  0 WARNING(S),  0 ERROR(S)
