C51 COMPILER V9.60.7.0   KEY                                                               12/06/2025 16:29:10 PAGE 1   


C51 COMPILER V9.60.7.0, COMPILATION OF MODULE KEY
OBJECT MODULE PLACED IN .\Objects\key.obj
COMPILER INVOKED BY: C:\Keil_v5\C51\BIN\C51.EXE key.c OPTIMIZE(8,SPEED) BROWSE DEBUG OBJECTEXTEND PRINT(.\Listings\key.l
                    -st) OBJECT(.\Objects\key.obj)

line level    source

   1          #include "key.h"
   2          #include "beep.h"
   3          #include "delay.h"
   4          
   5          void Key_Config() {
   6   1              P3M1 |=  ((1<<2) | (1<<3));
   7   1              P3M0 &= ~((1<<2) | (1<<3));     
   8   1      }
   9          
  10          void Get_Key_Value() {
  11   1              if(KEY1_PIN == 0) {
  12   2                      Delay_ms(10);
  13   2                      if(KEY1_PIN  == 0) {
  14   3                              BEEP(1);
  15   3                              while(KEY1_PIN == 0);
  16   3                      }
  17   2              }
  18   1              if(KEY2_PIN == 0) {
  19   2                      Delay_ms(10);
  20   2                      if(KEY2_PIN  == 0) {
  21   3                              BEEP(0);
  22   3                              while(KEY2_PIN == 0);
  23   3                      }
  24   2              }
  25   1      }
  26          
  27          
  28          char Key_Scan(void) {
  29   1              char KeyValue=0;
  30   1              static char KeyCount[2] = {0};
  31   1      
  32   1              if(KEY1_PIN == 0) {
  33   2                      KeyCount[0]++;
  34   2              } else {
  35   2                      if(KeyCount[0] >= 2) {
  36   3                              KeyCount[0] = 0;
  37   3                              KeyValue = 1;
  38   3                      }
  39   2              }
  40   1              
  41   1              if(KEY2_PIN == 0) {
  42   2                      KeyCount[1]++;
  43   2              } else {
  44   2                      if(KeyCount[1] >= 2) {
  45   3                              KeyCount[1] = 0;
  46   3                              KeyValue = 2;
  47   3                      }
  48   2              }
  49   1              return KeyValue;
  50   1      }
  51          


MODULE INFORMATION:   STATIC OVERLAYABLE
C51 COMPILER V9.60.7.0   KEY                                                               12/06/2025 16:29:10 PAGE 2   

   CODE SIZE        =     88    ----
   CONSTANT SIZE    =   ----    ----
   XDATA SIZE       =   ----    ----
   PDATA SIZE       =   ----    ----
   DATA SIZE        =      2    ----
   IDATA SIZE       =   ----    ----
   BIT SIZE         =   ----    ----
END OF MODULE INFORMATION.


C51 COMPILATION COMPLETE.  0 WARNING(S),  0 ERROR(S)
