C51 COMPILER V9.60.7.0   MAIN                                                              12/06/2025 16:29:10 PAGE 1   


C51 COMPILER V9.60.7.0, COMPILATION OF MODULE MAIN
OBJECT MODULE PLACED IN .\Objects\main.obj
COMPILER INVOKED BY: C:\Keil_v5\C51\BIN\C51.EXE main.c OPTIMIZE(8,SPEED) BROWSE DEBUG OBJECTEXTEND PRINT(.\Listings\main
                    -.lst) OBJECT(.\Objects\main.obj)

line level    source

   1          #include "main.h"
*** ERROR C141 IN LINE 38 OF spi.h: syntax error near 'TxData', expected ')'
*** ERROR C141 IN LINE 19 OF lcd.h: syntax error near 'dat', expected ')'
*** ERROR C141 IN LINE 20 OF lcd.h: syntax error near 'dat', expected ')'
*** ERROR C141 IN LINE 21 OF lcd.h: syntax error near 'dat', expected ')'
*** ERROR C141 IN LINE 22 OF lcd.h: syntax error near 'dat', expected ')'
*** ERROR C141 IN LINE 23 OF lcd.h: syntax error near 'x1', expected ')'
*** ERROR C141 IN LINE 28 OF lcd.h: syntax error near 'xsta', expected ')'
*** ERROR C141 IN LINE 29 OF lcd.h: syntax error near 'x', expected ')'
*** ERROR C141 IN LINE 30 OF lcd.h: syntax error near 'x1', expected ')'
*** ERROR C141 IN LINE 31 OF lcd.h: syntax error near 'x1', expected ')'
*** ERROR C141 IN LINE 32 OF lcd.h: syntax error near 'x0', expected ')'
*** ERROR C141 IN LINE 34 OF lcd.h: syntax error near 'x', expected ')'
*** ERROR C141 IN LINE 35 OF lcd.h: syntax error near 'x', expected ')'
   2          
   3          void main(void){
   4   1          Led_Config();
   5   1          Beep_Config();
   6   1          Key_Config();
   7   1          Timer0_Init();
   8   1          LCD_Init();
   9   1          LCD_Fill(0,0,128,160,WHITE);
*** ERROR C208 IN LINE 9 OF main.c: '_LCD_Fill': too many actual parameters
  10   1          while (1){
  11   2              if(KeyTask_Time[0] > KeyTask_Time[1]) {
  12   3                              switch(Key_Scan()) {
  13   4                                      case 1: BEEP(1); break;
  14   4                                      case 2: BEEP(0); break;
  15   4                              }
  16   3                              KeyTask_Time[0] = 0;
  17   3                      }
  18   2          }
  19   1      }

C51 COMPILATION COMPLETE.  0 WARNING(S),  14 ERROR(S)
